<?xml version="1.0" encoding="UTF-8"?>
<!-- Generated by org.testng.reporters.JUnitXMLReporter -->
<testsuite hostname="NODTBSD180AG" name="account" tests="3" failures="0" timestamp="3 Jun 2015 07:27:18 GMT" time="224.255" errors="0">
  <testcase name="CreateUser" time="48.295" classname="hireSideAutomation.ManageAccountUser"/>
  <testcase name="EditUser" time="53.72" classname="hireSideAutomation.ManageAccountUser"/>
  <testcase name="EditProfile" time="41.746" classname="hireSideAutomation.ManageAccountUser"/>
</testsuite> <!-- account -->
