<?xml version="1.0" encoding="UTF-8"?>
<!-- Generated by org.testng.reporters.JUnitXMLReporter -->
<testsuite hostname="NODTBSD180AG" name="Collaborate" tests="4" failures="0" timestamp="3 Jun 2015 07:45:36 GMT" time="155.754" errors="0">
  <testcase name="shareFolder" time="29.632" classname="hireSideAutomation.hireCollaborate"/>
  <testcase name="shareinbox" time="31.513" classname="hireSideAutomation.hireCollaborate"/>
  <testcase name="unshareFolder" time="23.66" classname="hireSideAutomation.hireCollaborate"/>
  <testcase name="unshareinbox" time="27.653" classname="hireSideAutomation.hireCollaborate"/>
</testsuite> <!-- Collaborate -->
