<?xml version="1.0" encoding="UTF-8"?>
<!-- Generated by org.testng.reporters.JUnitXMLReporter -->
<testsuite hostname="NODTBSD180AG" name="search" tests="8" failures="0" timestamp="3 Jun 2015 07:43:01 GMT" time="653.876" errors="0">
  <testcase name="quickSearch_keyword" time="52.659" classname="hireSideAutomation.hireSearch"/>
  <testcase name="quickSearchEasyBoolean" time="31.183" classname="hireSideAutomation.hireSearch"/>
  <testcase name="quickSearchlocations" time="57.602" classname="hireSideAutomation.hireSearch"/>
  <testcase name="quickSearchExperience" time="55.411" classname="hireSideAutomation.hireSearch"/>
  <testcase name="advanceSearchKeyword" time="64.771" classname="hireSideAutomation.hireSearch"/>
  <testcase name="advanceSearchLocation" time="188.874" classname="hireSideAutomation.hireSearch"/>
  <testcase name="advanceSearchSallary" time="30.314" classname="hireSideAutomation.hireSearch"/>
  <testcase name="advanceSearchFunctionalArea" time="27.028" classname="hireSideAutomation.hireSearch"/>
</testsuite> <!-- search -->
