<?xml version="1.0" encoding="UTF-8"?>
<!-- Generated by org.testng.reporters.JUnitXMLReporter -->
<testsuite hostname="NODTBSD180AG" name="UsageReport" tests="11" failures="0" timestamp="3 Jun 2015 08:04:17 GMT" time="1120.537" errors="0">
  <testcase name="XpressHireSMSUsageReportNEW" time="8.382" classname="hireSideAutomation.HireUsageReport"/>
  <testcase name="OTPReport" time="8.619" classname="hireSideAutomation.HireUsageReport"/>
  <testcase name="JobListingUsagesReport" time="9.344" classname="hireSideAutomation.HireUsageReport"/>
  <testcase name="DatabaseUsageReport" time="8.472" classname="hireSideAutomation.HireUsageReport"/>
  <testcase name="LoginReport" time="11.509" classname="hireSideAutomation.HireUsageReport"/>
  <testcase name="XpressHireSMSUsageReport" time="7.697" classname="hireSideAutomation.HireUsageReport"/>
  <testcase name="XpressHirewithSMSContact" time="9.177" classname="hireSideAutomation.HireUsageReport"/>
  <testcase name="XpressHirewithSMSInbox" time="10.091" classname="hireSideAutomation.HireUsageReport"/>
  <testcase name="DialBPOJobPostingUsageReport" time="7.831" classname="hireSideAutomation.HireUsageReport"/>
  <testcase name="DivineIPUsageReport" time="7.437" classname="hireSideAutomation.HireUsageReport"/>
  <testcase name="MassMailingUsageReport" time="11.884" classname="hireSideAutomation.HireUsageReport"/>
</testsuite> <!-- UsageReport -->
