<?xml version="1.0" encoding="UTF-8"?>
<testng-results skipped="42" failed="0" total="42" passed="0">
  <reporter-output>
  </reporter-output>
  <suite name="TimesJobs Suite" duration-ms="0" started-at="2015-07-15T10:01:54Z" finished-at="2015-07-15T10:01:54Z">
    <groups>
    </groups>
  </suite> <!-- TimesJobs Suite -->
  <suite name="HIRE SIDE TEST CASES" duration-ms="53793" started-at="2015-07-15T10:01:00Z" finished-at="2015-07-15T10:01:54Z">
    <groups>
    </groups>
    <test name="Registration" duration-ms="9319" started-at="2015-07-15T10:01:00Z" finished-at="2015-07-15T10:01:10Z">
      <class name="hireSideAutomation.hireRegistration">
        <test-method status="FAIL" signature="setup()[pri:0, instance:hireSideAutomation.hireRegistration@c1d5a3]" name="setup" is-config="true" duration-ms="0" started-at="2015-07-15T15:31:00Z" finished-at="2015-07-15T15:31:00Z">
          <exception class="java.lang.NullPointerException">
            <full-stacktrace>
              <![CDATA[java.lang.NullPointerException
	at utilitypackage.Xls_Reader.getRowCount(Unknown Source)
	at hireSideAutomation.hireBaseFunctions.environment(Unknown Source)
	at hireSideAutomation.hireRegistration.setup(Unknown Source)
	at sun.reflect.NativeMethodAccessorImpl.invoke0(Native Method)
	at sun.reflect.NativeMethodAccessorImpl.invoke(Unknown Source)
	at sun.reflect.DelegatingMethodAccessorImpl.invoke(Unknown Source)
	at java.lang.reflect.Method.invoke(Unknown Source)
	at org.testng.internal.MethodInvocationHelper.invokeMethod(MethodInvocationHelper.java:84)
	at org.testng.internal.Invoker.invokeConfigurationMethod(Invoker.java:564)
	at org.testng.internal.Invoker.invokeConfigurations(Invoker.java:213)
	at org.testng.internal.Invoker.invokeMethod(Invoker.java:653)
	at org.testng.internal.Invoker.invokeTestMethod(Invoker.java:901)
	at org.testng.internal.Invoker.invokeTestMethods(Invoker.java:1231)
	at org.testng.internal.TestMethodWorker.invokeTestMethods(TestMethodWorker.java:127)
	at org.testng.internal.TestMethodWorker.run(TestMethodWorker.java:111)
	at org.testng.TestRunner.privateRun(TestRunner.java:767)
	at org.testng.TestRunner.run(TestRunner.java:617)
	at org.testng.SuiteRunner.runTest(SuiteRunner.java:334)
	at org.testng.SuiteRunner.runSequentially(SuiteRunner.java:329)
	at org.testng.SuiteRunner.privateRun(SuiteRunner.java:291)
	at org.testng.SuiteRunner.run(SuiteRunner.java:240)
	at org.testng.SuiteRunnerWorker.runSuite(SuiteRunnerWorker.java:52)
	at org.testng.SuiteRunnerWorker.run(SuiteRunnerWorker.java:86)
	at org.testng.TestNG.runSuitesSequentially(TestNG.java:1224)
	at org.testng.TestNG.runSuitesSequentially(TestNG.java:1220)
	at org.testng.TestNG.runSuitesLocally(TestNG.java:1149)
	at org.testng.TestNG.run(TestNG.java:1057)
	at org.testng.TestNG.privateMain(TestNG.java:1364)
	at org.testng.TestNG.main(TestNG.java:1333)
]]>
            </full-stacktrace>
          </exception> <!-- java.lang.NullPointerException -->
          <reporter-output>
          </reporter-output>
        </test-method> <!-- setup -->
        <test-method status="SKIP" signature="teardown()[pri:0, instance:hireSideAutomation.hireRegistration@c1d5a3]" name="teardown" is-config="true" duration-ms="0" started-at="2015-07-15T15:31:10Z" finished-at="2015-07-15T15:31:10Z">
          <reporter-output>
          </reporter-output>
        </test-method> <!-- teardown -->
        <test-method status="SKIP" signature="Registration()[pri:0, instance:hireSideAutomation.hireRegistration@c1d5a3]" name="Registration" duration-ms="0" started-at="2015-07-15T15:31:10Z" finished-at="2015-07-15T15:31:10Z">
          <reporter-output>
          </reporter-output>
        </test-method> <!-- Registration -->
      </class> <!-- hireSideAutomation.hireRegistration -->
    </test> <!-- Registration -->
    <test name="account" duration-ms="6059" started-at="2015-07-15T10:01:10Z" finished-at="2015-07-15T10:01:16Z">
      <class name="hireSideAutomation.ManageAccountUser">
        <test-method status="FAIL" signature="setup()[pri:0, instance:hireSideAutomation.ManageAccountUser@72b05e0f]" name="setup" is-config="true" duration-ms="0" started-at="2015-07-15T15:31:10Z" finished-at="2015-07-15T15:31:10Z">
          <exception class="java.lang.NullPointerException">
            <full-stacktrace>
              <![CDATA[java.lang.NullPointerException
	at utilitypackage.Xls_Reader.getRowCount(Unknown Source)
	at hireSideAutomation.hireBaseFunctions.environment(Unknown Source)
	at hireSideAutomation.ManageAccountUser.setup(Unknown Source)
	at sun.reflect.NativeMethodAccessorImpl.invoke0(Native Method)
	at sun.reflect.NativeMethodAccessorImpl.invoke(Unknown Source)
	at sun.reflect.DelegatingMethodAccessorImpl.invoke(Unknown Source)
	at java.lang.reflect.Method.invoke(Unknown Source)
	at org.testng.internal.MethodInvocationHelper.invokeMethod(MethodInvocationHelper.java:84)
	at org.testng.internal.Invoker.invokeConfigurationMethod(Invoker.java:564)
	at org.testng.internal.Invoker.invokeConfigurations(Invoker.java:213)
	at org.testng.internal.Invoker.invokeMethod(Invoker.java:653)
	at org.testng.internal.Invoker.invokeTestMethod(Invoker.java:901)
	at org.testng.internal.Invoker.invokeTestMethods(Invoker.java:1231)
	at org.testng.internal.TestMethodWorker.invokeTestMethods(TestMethodWorker.java:127)
	at org.testng.internal.TestMethodWorker.run(TestMethodWorker.java:111)
	at org.testng.TestRunner.privateRun(TestRunner.java:767)
	at org.testng.TestRunner.run(TestRunner.java:617)
	at org.testng.SuiteRunner.runTest(SuiteRunner.java:334)
	at org.testng.SuiteRunner.runSequentially(SuiteRunner.java:329)
	at org.testng.SuiteRunner.privateRun(SuiteRunner.java:291)
	at org.testng.SuiteRunner.run(SuiteRunner.java:240)
	at org.testng.SuiteRunnerWorker.runSuite(SuiteRunnerWorker.java:52)
	at org.testng.SuiteRunnerWorker.run(SuiteRunnerWorker.java:86)
	at org.testng.TestNG.runSuitesSequentially(TestNG.java:1224)
	at org.testng.TestNG.runSuitesSequentially(TestNG.java:1220)
	at org.testng.TestNG.runSuitesLocally(TestNG.java:1149)
	at org.testng.TestNG.run(TestNG.java:1057)
	at org.testng.TestNG.privateMain(TestNG.java:1364)
	at org.testng.TestNG.main(TestNG.java:1333)
]]>
            </full-stacktrace>
          </exception> <!-- java.lang.NullPointerException -->
          <reporter-output>
          </reporter-output>
        </test-method> <!-- setup -->
        <test-method status="SKIP" signature="teardown()[pri:0, instance:hireSideAutomation.ManageAccountUser@72b05e0f]" name="teardown" is-config="true" duration-ms="0" started-at="2015-07-15T15:31:16Z" finished-at="2015-07-15T15:31:16Z">
          <reporter-output>
          </reporter-output>
        </test-method> <!-- teardown -->
        <test-method status="SKIP" signature="EditUser()[pri:0, instance:hireSideAutomation.ManageAccountUser@72b05e0f]" name="EditUser" duration-ms="0" started-at="2015-07-15T15:31:16Z" finished-at="2015-07-15T15:31:16Z">
          <reporter-output>
          </reporter-output>
        </test-method> <!-- EditUser -->
        <test-method status="SKIP" signature="setup()[pri:0, instance:hireSideAutomation.ManageAccountUser@72b05e0f]" name="setup" is-config="true" duration-ms="0" started-at="2015-07-15T15:31:16Z" finished-at="2015-07-15T15:31:16Z">
          <reporter-output>
          </reporter-output>
        </test-method> <!-- setup -->
        <test-method status="SKIP" signature="teardown()[pri:0, instance:hireSideAutomation.ManageAccountUser@72b05e0f]" name="teardown" is-config="true" duration-ms="0" started-at="2015-07-15T15:31:16Z" finished-at="2015-07-15T15:31:16Z">
          <reporter-output>
          </reporter-output>
        </test-method> <!-- teardown -->
        <test-method status="SKIP" signature="CreateUser()[pri:0, instance:hireSideAutomation.ManageAccountUser@72b05e0f]" name="CreateUser" duration-ms="0" started-at="2015-07-15T15:31:16Z" finished-at="2015-07-15T15:31:16Z">
          <reporter-output>
          </reporter-output>
        </test-method> <!-- CreateUser -->
        <test-method status="SKIP" signature="EditProfile()[pri:0, instance:hireSideAutomation.ManageAccountUser@72b05e0f]" name="EditProfile" duration-ms="0" started-at="2015-07-15T15:31:16Z" finished-at="2015-07-15T15:31:16Z">
          <reporter-output>
          </reporter-output>
        </test-method> <!-- EditProfile -->
        <test-method status="SKIP" signature="setup()[pri:0, instance:hireSideAutomation.ManageAccountUser@72b05e0f]" name="setup" is-config="true" duration-ms="0" started-at="2015-07-15T15:31:16Z" finished-at="2015-07-15T15:31:16Z">
          <reporter-output>
          </reporter-output>
        </test-method> <!-- setup -->
        <test-method status="SKIP" signature="teardown()[pri:0, instance:hireSideAutomation.ManageAccountUser@72b05e0f]" name="teardown" is-config="true" duration-ms="0" started-at="2015-07-15T15:31:16Z" finished-at="2015-07-15T15:31:16Z">
          <reporter-output>
          </reporter-output>
        </test-method> <!-- teardown -->
      </class> <!-- hireSideAutomation.ManageAccountUser -->
    </test> <!-- account -->
    <test name="wizjob" duration-ms="6078" started-at="2015-07-15T10:01:16Z" finished-at="2015-07-15T10:01:22Z">
      <class name="hireSideAutomation.EmployerPostingPreviewDraftEdit">
        <test-method status="FAIL" signature="setup()[pri:0, instance:hireSideAutomation.EmployerPostingPreviewDraftEdit@2d7480c9]" name="setup" is-config="true" duration-ms="0" started-at="2015-07-15T15:31:16Z" finished-at="2015-07-15T15:31:16Z">
          <exception class="java.lang.NullPointerException">
            <full-stacktrace>
              <![CDATA[java.lang.NullPointerException
	at utilitypackage.Xls_Reader.getRowCount(Unknown Source)
	at hireSideAutomation.hireBaseFunctions.environment(Unknown Source)
	at hireSideAutomation.EmployerPostingPreviewDraftEdit.setup(Unknown Source)
	at sun.reflect.NativeMethodAccessorImpl.invoke0(Native Method)
	at sun.reflect.NativeMethodAccessorImpl.invoke(Unknown Source)
	at sun.reflect.DelegatingMethodAccessorImpl.invoke(Unknown Source)
	at java.lang.reflect.Method.invoke(Unknown Source)
	at org.testng.internal.MethodInvocationHelper.invokeMethod(MethodInvocationHelper.java:84)
	at org.testng.internal.Invoker.invokeConfigurationMethod(Invoker.java:564)
	at org.testng.internal.Invoker.invokeConfigurations(Invoker.java:213)
	at org.testng.internal.Invoker.invokeConfigurations(Invoker.java:138)
	at org.testng.internal.TestMethodWorker.invokeBeforeClassMethods(TestMethodWorker.java:175)
	at org.testng.internal.TestMethodWorker.run(TestMethodWorker.java:107)
	at org.testng.TestRunner.privateRun(TestRunner.java:767)
	at org.testng.TestRunner.run(TestRunner.java:617)
	at org.testng.SuiteRunner.runTest(SuiteRunner.java:334)
	at org.testng.SuiteRunner.runSequentially(SuiteRunner.java:329)
	at org.testng.SuiteRunner.privateRun(SuiteRunner.java:291)
	at org.testng.SuiteRunner.run(SuiteRunner.java:240)
	at org.testng.SuiteRunnerWorker.runSuite(SuiteRunnerWorker.java:52)
	at org.testng.SuiteRunnerWorker.run(SuiteRunnerWorker.java:86)
	at org.testng.TestNG.runSuitesSequentially(TestNG.java:1224)
	at org.testng.TestNG.runSuitesSequentially(TestNG.java:1220)
	at org.testng.TestNG.runSuitesLocally(TestNG.java:1149)
	at org.testng.TestNG.run(TestNG.java:1057)
	at org.testng.TestNG.privateMain(TestNG.java:1364)
	at org.testng.TestNG.main(TestNG.java:1333)
]]>
            </full-stacktrace>
          </exception> <!-- java.lang.NullPointerException -->
          <reporter-output>
          </reporter-output>
        </test-method> <!-- setup -->
        <test-method status="SKIP" signature="previewJob()[pri:0, instance:hireSideAutomation.EmployerPostingPreviewDraftEdit@2d7480c9]" name="previewJob" duration-ms="0" started-at="2015-07-15T15:31:22Z" finished-at="2015-07-15T15:31:22Z">
          <reporter-output>
          </reporter-output>
        </test-method> <!-- previewJob -->
        <test-method status="SKIP" signature="EditJob()[pri:0, instance:hireSideAutomation.EmployerPostingPreviewDraftEdit@2d7480c9]" name="EditJob" duration-ms="0" started-at="2015-07-15T15:31:22Z" finished-at="2015-07-15T15:31:22Z">
          <reporter-output>
          </reporter-output>
        </test-method> <!-- EditJob -->
        <test-method status="SKIP" signature="SaveDraftJob()[pri:0, instance:hireSideAutomation.EmployerPostingPreviewDraftEdit@2d7480c9]" name="SaveDraftJob" duration-ms="0" started-at="2015-07-15T15:31:22Z" finished-at="2015-07-15T15:31:22Z">
          <reporter-output>
          </reporter-output>
        </test-method> <!-- SaveDraftJob -->
        <test-method status="SKIP" signature="teardown()[pri:0, instance:hireSideAutomation.EmployerPostingPreviewDraftEdit@2d7480c9]" name="teardown" is-config="true" duration-ms="0" started-at="2015-07-15T15:31:22Z" finished-at="2015-07-15T15:31:22Z">
          <reporter-output>
          </reporter-output>
        </test-method> <!-- teardown -->
      </class> <!-- hireSideAutomation.EmployerPostingPreviewDraftEdit -->
    </test> <!-- wizjob -->
    <test name="search" duration-ms="6500" started-at="2015-07-15T10:01:22Z" finished-at="2015-07-15T10:01:29Z">
      <class name="hireSideAutomation.hireSearch">
        <test-method status="FAIL" signature="setup()[pri:0, instance:hireSideAutomation.hireSearch@35cc96e8]" name="setup" is-config="true" duration-ms="0" started-at="2015-07-15T15:31:22Z" finished-at="2015-07-15T15:31:22Z">
          <exception class="java.lang.NullPointerException">
            <full-stacktrace>
              <![CDATA[java.lang.NullPointerException
	at utilitypackage.Xls_Reader.getRowCount(Unknown Source)
	at hireSideAutomation.hireBaseFunctions.environment(Unknown Source)
	at hireSideAutomation.hireSearch.setup(Unknown Source)
	at sun.reflect.NativeMethodAccessorImpl.invoke0(Native Method)
	at sun.reflect.NativeMethodAccessorImpl.invoke(Unknown Source)
	at sun.reflect.DelegatingMethodAccessorImpl.invoke(Unknown Source)
	at java.lang.reflect.Method.invoke(Unknown Source)
	at org.testng.internal.MethodInvocationHelper.invokeMethod(MethodInvocationHelper.java:84)
	at org.testng.internal.Invoker.invokeConfigurationMethod(Invoker.java:564)
	at org.testng.internal.Invoker.invokeConfigurations(Invoker.java:213)
	at org.testng.internal.Invoker.invokeMethod(Invoker.java:653)
	at org.testng.internal.Invoker.invokeTestMethod(Invoker.java:901)
	at org.testng.internal.Invoker.invokeTestMethods(Invoker.java:1231)
	at org.testng.internal.TestMethodWorker.invokeTestMethods(TestMethodWorker.java:127)
	at org.testng.internal.TestMethodWorker.run(TestMethodWorker.java:111)
	at org.testng.TestRunner.privateRun(TestRunner.java:767)
	at org.testng.TestRunner.run(TestRunner.java:617)
	at org.testng.SuiteRunner.runTest(SuiteRunner.java:334)
	at org.testng.SuiteRunner.runSequentially(SuiteRunner.java:329)
	at org.testng.SuiteRunner.privateRun(SuiteRunner.java:291)
	at org.testng.SuiteRunner.run(SuiteRunner.java:240)
	at org.testng.SuiteRunnerWorker.runSuite(SuiteRunnerWorker.java:52)
	at org.testng.SuiteRunnerWorker.run(SuiteRunnerWorker.java:86)
	at org.testng.TestNG.runSuitesSequentially(TestNG.java:1224)
	at org.testng.TestNG.runSuitesSequentially(TestNG.java:1220)
	at org.testng.TestNG.runSuitesLocally(TestNG.java:1149)
	at org.testng.TestNG.run(TestNG.java:1057)
	at org.testng.TestNG.privateMain(TestNG.java:1364)
	at org.testng.TestNG.main(TestNG.java:1333)
]]>
            </full-stacktrace>
          </exception> <!-- java.lang.NullPointerException -->
          <reporter-output>
          </reporter-output>
        </test-method> <!-- setup -->
        <test-method status="SKIP" signature="quickSearchEasyBoolean()[pri:0, instance:hireSideAutomation.hireSearch@35cc96e8]" name="quickSearchEasyBoolean" duration-ms="0" started-at="2015-07-15T15:31:29Z" finished-at="2015-07-15T15:31:29Z">
          <reporter-output>
          </reporter-output>
        </test-method> <!-- quickSearchEasyBoolean -->
        <test-method status="SKIP" signature="teardown()[pri:0, instance:hireSideAutomation.hireSearch@35cc96e8]" name="teardown" is-config="true" duration-ms="0" started-at="2015-07-15T15:31:29Z" finished-at="2015-07-15T15:31:29Z">
          <reporter-output>
          </reporter-output>
        </test-method> <!-- teardown -->
        <test-method status="SKIP" signature="teardown()[pri:0, instance:hireSideAutomation.hireSearch@35cc96e8]" name="teardown" is-config="true" duration-ms="0" started-at="2015-07-15T15:31:29Z" finished-at="2015-07-15T15:31:29Z">
          <reporter-output>
          </reporter-output>
        </test-method> <!-- teardown -->
        <test-method status="SKIP" signature="setup()[pri:0, instance:hireSideAutomation.hireSearch@35cc96e8]" name="setup" is-config="true" duration-ms="0" started-at="2015-07-15T15:31:29Z" finished-at="2015-07-15T15:31:29Z">
          <reporter-output>
          </reporter-output>
        </test-method> <!-- setup -->
        <test-method status="SKIP" signature="quickSearch_keyword()[pri:0, instance:hireSideAutomation.hireSearch@35cc96e8]" name="quickSearch_keyword" duration-ms="0" started-at="2015-07-15T15:31:29Z" finished-at="2015-07-15T15:31:29Z">
          <reporter-output>
          </reporter-output>
        </test-method> <!-- quickSearch_keyword -->
        <test-method status="SKIP" signature="quickSearchlocations()[pri:0, instance:hireSideAutomation.hireSearch@35cc96e8]" name="quickSearchlocations" duration-ms="0" started-at="2015-07-15T15:31:29Z" finished-at="2015-07-15T15:31:29Z">
          <reporter-output>
          </reporter-output>
        </test-method> <!-- quickSearchlocations -->
        <test-method status="SKIP" signature="teardown()[pri:0, instance:hireSideAutomation.hireSearch@35cc96e8]" name="teardown" is-config="true" duration-ms="0" started-at="2015-07-15T15:31:29Z" finished-at="2015-07-15T15:31:29Z">
          <reporter-output>
          </reporter-output>
        </test-method> <!-- teardown -->
        <test-method status="SKIP" signature="teardown()[pri:0, instance:hireSideAutomation.hireSearch@35cc96e8]" name="teardown" is-config="true" duration-ms="0" started-at="2015-07-15T15:31:29Z" finished-at="2015-07-15T15:31:29Z">
          <reporter-output>
          </reporter-output>
        </test-method> <!-- teardown -->
        <test-method status="SKIP" signature="setup()[pri:0, instance:hireSideAutomation.hireSearch@35cc96e8]" name="setup" is-config="true" duration-ms="0" started-at="2015-07-15T15:31:29Z" finished-at="2015-07-15T15:31:29Z">
          <reporter-output>
          </reporter-output>
        </test-method> <!-- setup -->
        <test-method status="SKIP" signature="teardown()[pri:0, instance:hireSideAutomation.hireSearch@35cc96e8]" name="teardown" is-config="true" duration-ms="0" started-at="2015-07-15T15:31:29Z" finished-at="2015-07-15T15:31:29Z">
          <reporter-output>
          </reporter-output>
        </test-method> <!-- teardown -->
        <test-method status="SKIP" signature="setup()[pri:0, instance:hireSideAutomation.hireSearch@35cc96e8]" name="setup" is-config="true" duration-ms="0" started-at="2015-07-15T15:31:29Z" finished-at="2015-07-15T15:31:29Z">
          <reporter-output>
          </reporter-output>
        </test-method> <!-- setup -->
        <test-method status="SKIP" signature="quickSearchExperience()[pri:0, instance:hireSideAutomation.hireSearch@35cc96e8]" name="quickSearchExperience" duration-ms="0" started-at="2015-07-15T15:31:29Z" finished-at="2015-07-15T15:31:29Z">
          <reporter-output>
          </reporter-output>
        </test-method> <!-- quickSearchExperience -->
        <test-method status="SKIP" signature="setup()[pri:0, instance:hireSideAutomation.hireSearch@35cc96e8]" name="setup" is-config="true" duration-ms="0" started-at="2015-07-15T15:31:29Z" finished-at="2015-07-15T15:31:29Z">
          <reporter-output>
          </reporter-output>
        </test-method> <!-- setup -->
        <test-method status="SKIP" signature="advanceSearchKeyword()[pri:0, instance:hireSideAutomation.hireSearch@35cc96e8]" name="advanceSearchKeyword" duration-ms="0" started-at="2015-07-15T15:31:29Z" finished-at="2015-07-15T15:31:29Z">
          <reporter-output>
          </reporter-output>
        </test-method> <!-- advanceSearchKeyword -->
        <test-method status="SKIP" signature="setup()[pri:0, instance:hireSideAutomation.hireSearch@35cc96e8]" name="setup" is-config="true" duration-ms="0" started-at="2015-07-15T15:31:29Z" finished-at="2015-07-15T15:31:29Z">
          <reporter-output>
          </reporter-output>
        </test-method> <!-- setup -->
        <test-method status="SKIP" signature="setup()[pri:0, instance:hireSideAutomation.hireSearch@35cc96e8]" name="setup" is-config="true" duration-ms="0" started-at="2015-07-15T15:31:29Z" finished-at="2015-07-15T15:31:29Z">
          <reporter-output>
          </reporter-output>
        </test-method> <!-- setup -->
        <test-method status="SKIP" signature="teardown()[pri:0, instance:hireSideAutomation.hireSearch@35cc96e8]" name="teardown" is-config="true" duration-ms="0" started-at="2015-07-15T15:31:29Z" finished-at="2015-07-15T15:31:29Z">
          <reporter-output>
          </reporter-output>
        </test-method> <!-- teardown -->
        <test-method status="SKIP" signature="advanceSearchFunctionalArea()[pri:0, instance:hireSideAutomation.hireSearch@35cc96e8]" name="advanceSearchFunctionalArea" duration-ms="0" started-at="2015-07-15T15:31:29Z" finished-at="2015-07-15T15:31:29Z">
          <reporter-output>
          </reporter-output>
        </test-method> <!-- advanceSearchFunctionalArea -->
        <test-method status="SKIP" signature="teardown()[pri:0, instance:hireSideAutomation.hireSearch@35cc96e8]" name="teardown" is-config="true" duration-ms="0" started-at="2015-07-15T15:31:29Z" finished-at="2015-07-15T15:31:29Z">
          <reporter-output>
          </reporter-output>
        </test-method> <!-- teardown -->
        <test-method status="SKIP" signature="advanceSearchSallary()[pri:0, instance:hireSideAutomation.hireSearch@35cc96e8]" name="advanceSearchSallary" duration-ms="0" started-at="2015-07-15T15:31:29Z" finished-at="2015-07-15T15:31:29Z">
          <reporter-output>
          </reporter-output>
        </test-method> <!-- advanceSearchSallary -->
        <test-method status="SKIP" signature="teardown()[pri:0, instance:hireSideAutomation.hireSearch@35cc96e8]" name="teardown" is-config="true" duration-ms="0" started-at="2015-07-15T15:31:29Z" finished-at="2015-07-15T15:31:29Z">
          <reporter-output>
          </reporter-output>
        </test-method> <!-- teardown -->
        <test-method status="SKIP" signature="setup()[pri:0, instance:hireSideAutomation.hireSearch@35cc96e8]" name="setup" is-config="true" duration-ms="0" started-at="2015-07-15T15:31:29Z" finished-at="2015-07-15T15:31:29Z">
          <reporter-output>
          </reporter-output>
        </test-method> <!-- setup -->
        <test-method status="SKIP" signature="advanceSearchLocation()[pri:0, instance:hireSideAutomation.hireSearch@35cc96e8]" name="advanceSearchLocation" duration-ms="0" started-at="2015-07-15T15:31:29Z" finished-at="2015-07-15T15:31:29Z">
          <reporter-output>
          </reporter-output>
        </test-method> <!-- advanceSearchLocation -->
      </class> <!-- hireSideAutomation.hireSearch -->
    </test> <!-- search -->
    <test name="Collaborate" duration-ms="5564" started-at="2015-07-15T10:01:29Z" finished-at="2015-07-15T10:01:34Z">
      <class name="hireSideAutomation.hireCollaborate">
        <test-method status="FAIL" signature="setup()[pri:0, instance:hireSideAutomation.hireCollaborate@24599bcd]" name="setup" is-config="true" duration-ms="0" started-at="2015-07-15T15:31:29Z" finished-at="2015-07-15T15:31:29Z">
          <exception class="java.lang.NullPointerException">
            <full-stacktrace>
              <![CDATA[java.lang.NullPointerException
	at utilitypackage.Xls_Reader.getRowCount(Unknown Source)
	at hireSideAutomation.hireBaseFunctions.environment(Unknown Source)
	at hireSideAutomation.hireCollaborate.setup(Unknown Source)
	at sun.reflect.NativeMethodAccessorImpl.invoke0(Native Method)
	at sun.reflect.NativeMethodAccessorImpl.invoke(Unknown Source)
	at sun.reflect.DelegatingMethodAccessorImpl.invoke(Unknown Source)
	at java.lang.reflect.Method.invoke(Unknown Source)
	at org.testng.internal.MethodInvocationHelper.invokeMethod(MethodInvocationHelper.java:84)
	at org.testng.internal.Invoker.invokeConfigurationMethod(Invoker.java:564)
	at org.testng.internal.Invoker.invokeConfigurations(Invoker.java:213)
	at org.testng.internal.Invoker.invokeMethod(Invoker.java:653)
	at org.testng.internal.Invoker.invokeTestMethod(Invoker.java:901)
	at org.testng.internal.Invoker.invokeTestMethods(Invoker.java:1231)
	at org.testng.internal.TestMethodWorker.invokeTestMethods(TestMethodWorker.java:127)
	at org.testng.internal.TestMethodWorker.run(TestMethodWorker.java:111)
	at org.testng.TestRunner.privateRun(TestRunner.java:767)
	at org.testng.TestRunner.run(TestRunner.java:617)
	at org.testng.SuiteRunner.runTest(SuiteRunner.java:334)
	at org.testng.SuiteRunner.runSequentially(SuiteRunner.java:329)
	at org.testng.SuiteRunner.privateRun(SuiteRunner.java:291)
	at org.testng.SuiteRunner.run(SuiteRunner.java:240)
	at org.testng.SuiteRunnerWorker.runSuite(SuiteRunnerWorker.java:52)
	at org.testng.SuiteRunnerWorker.run(SuiteRunnerWorker.java:86)
	at org.testng.TestNG.runSuitesSequentially(TestNG.java:1224)
	at org.testng.TestNG.runSuitesSequentially(TestNG.java:1220)
	at org.testng.TestNG.runSuitesLocally(TestNG.java:1149)
	at org.testng.TestNG.run(TestNG.java:1057)
	at org.testng.TestNG.privateMain(TestNG.java:1364)
	at org.testng.TestNG.main(TestNG.java:1333)
]]>
            </full-stacktrace>
          </exception> <!-- java.lang.NullPointerException -->
          <reporter-output>
          </reporter-output>
        </test-method> <!-- setup -->
        <test-method status="SKIP" signature="shareFolder()[pri:0, instance:hireSideAutomation.hireCollaborate@24599bcd]" name="shareFolder" duration-ms="1" started-at="2015-07-15T15:31:34Z" finished-at="2015-07-15T15:31:34Z">
          <reporter-output>
          </reporter-output>
        </test-method> <!-- shareFolder -->
        <test-method status="SKIP" signature="setup()[pri:0, instance:hireSideAutomation.hireCollaborate@24599bcd]" name="setup" is-config="true" duration-ms="0" started-at="2015-07-15T15:31:34Z" finished-at="2015-07-15T15:31:34Z">
          <reporter-output>
          </reporter-output>
        </test-method> <!-- setup -->
        <test-method status="SKIP" signature="shareinbox()[pri:0, instance:hireSideAutomation.hireCollaborate@24599bcd]" name="shareinbox" duration-ms="0" started-at="2015-07-15T15:31:34Z" finished-at="2015-07-15T15:31:34Z">
          <reporter-output>
          </reporter-output>
        </test-method> <!-- shareinbox -->
        <test-method status="SKIP" signature="teardown()[pri:0, instance:hireSideAutomation.hireCollaborate@24599bcd]" name="teardown" is-config="true" duration-ms="0" started-at="2015-07-15T15:31:34Z" finished-at="2015-07-15T15:31:34Z">
          <reporter-output>
          </reporter-output>
        </test-method> <!-- teardown -->
        <test-method status="SKIP" signature="setup()[pri:0, instance:hireSideAutomation.hireCollaborate@24599bcd]" name="setup" is-config="true" duration-ms="0" started-at="2015-07-15T15:31:34Z" finished-at="2015-07-15T15:31:34Z">
          <reporter-output>
          </reporter-output>
        </test-method> <!-- setup -->
        <test-method status="SKIP" signature="unshareFolder()[pri:0, instance:hireSideAutomation.hireCollaborate@24599bcd]" name="unshareFolder" duration-ms="0" started-at="2015-07-15T15:31:34Z" finished-at="2015-07-15T15:31:34Z">
          <reporter-output>
          </reporter-output>
        </test-method> <!-- unshareFolder -->
        <test-method status="SKIP" signature="teardown()[pri:0, instance:hireSideAutomation.hireCollaborate@24599bcd]" name="teardown" is-config="true" duration-ms="0" started-at="2015-07-15T15:31:34Z" finished-at="2015-07-15T15:31:34Z">
          <reporter-output>
          </reporter-output>
        </test-method> <!-- teardown -->
        <test-method status="SKIP" signature="setup()[pri:0, instance:hireSideAutomation.hireCollaborate@24599bcd]" name="setup" is-config="true" duration-ms="0" started-at="2015-07-15T15:31:34Z" finished-at="2015-07-15T15:31:34Z">
          <reporter-output>
          </reporter-output>
        </test-method> <!-- setup -->
        <test-method status="SKIP" signature="teardown()[pri:0, instance:hireSideAutomation.hireCollaborate@24599bcd]" name="teardown" is-config="true" duration-ms="0" started-at="2015-07-15T15:31:34Z" finished-at="2015-07-15T15:31:34Z">
          <reporter-output>
          </reporter-output>
        </test-method> <!-- teardown -->
        <test-method status="SKIP" signature="teardown()[pri:0, instance:hireSideAutomation.hireCollaborate@24599bcd]" name="teardown" is-config="true" duration-ms="0" started-at="2015-07-15T15:31:34Z" finished-at="2015-07-15T15:31:34Z">
          <reporter-output>
          </reporter-output>
        </test-method> <!-- teardown -->
        <test-method status="SKIP" signature="unshareinbox()[pri:0, instance:hireSideAutomation.hireCollaborate@24599bcd]" name="unshareinbox" duration-ms="0" started-at="2015-07-15T15:31:34Z" finished-at="2015-07-15T15:31:34Z">
          <reporter-output>
          </reporter-output>
        </test-method> <!-- unshareinbox -->
      </class> <!-- hireSideAutomation.hireCollaborate -->
    </test> <!-- Collaborate -->
    <test name="UsageReport" duration-ms="6513" started-at="2015-07-15T10:01:34Z" finished-at="2015-07-15T10:01:41Z">
      <class name="hireSideAutomation.HireUsageReport">
        <test-method status="FAIL" signature="login()[pri:0, instance:hireSideAutomation.HireUsageReport@77a8fb80]" name="login" is-config="true" duration-ms="0" started-at="2015-07-15T15:31:34Z" finished-at="2015-07-15T15:31:34Z">
          <exception class="java.lang.NullPointerException">
            <full-stacktrace>
              <![CDATA[java.lang.NullPointerException
	at utilitypackage.Xls_Reader.getRowCount(Unknown Source)
	at hireSideAutomation.hireBaseFunctions.environment(Unknown Source)
	at hireSideAutomation.HireUsageReport.login(Unknown Source)
	at sun.reflect.NativeMethodAccessorImpl.invoke0(Native Method)
	at sun.reflect.NativeMethodAccessorImpl.invoke(Unknown Source)
	at sun.reflect.DelegatingMethodAccessorImpl.invoke(Unknown Source)
	at java.lang.reflect.Method.invoke(Unknown Source)
	at org.testng.internal.MethodInvocationHelper.invokeMethod(MethodInvocationHelper.java:84)
	at org.testng.internal.Invoker.invokeConfigurationMethod(Invoker.java:564)
	at org.testng.internal.Invoker.invokeConfigurations(Invoker.java:213)
	at org.testng.internal.Invoker.invokeMethod(Invoker.java:653)
	at org.testng.internal.Invoker.invokeTestMethod(Invoker.java:901)
	at org.testng.internal.Invoker.invokeTestMethods(Invoker.java:1231)
	at org.testng.internal.TestMethodWorker.invokeTestMethods(TestMethodWorker.java:127)
	at org.testng.internal.TestMethodWorker.run(TestMethodWorker.java:111)
	at org.testng.TestRunner.privateRun(TestRunner.java:767)
	at org.testng.TestRunner.run(TestRunner.java:617)
	at org.testng.SuiteRunner.runTest(SuiteRunner.java:334)
	at org.testng.SuiteRunner.runSequentially(SuiteRunner.java:329)
	at org.testng.SuiteRunner.privateRun(SuiteRunner.java:291)
	at org.testng.SuiteRunner.run(SuiteRunner.java:240)
	at org.testng.SuiteRunnerWorker.runSuite(SuiteRunnerWorker.java:52)
	at org.testng.SuiteRunnerWorker.run(SuiteRunnerWorker.java:86)
	at org.testng.TestNG.runSuitesSequentially(TestNG.java:1224)
	at org.testng.TestNG.runSuitesSequentially(TestNG.java:1220)
	at org.testng.TestNG.runSuitesLocally(TestNG.java:1149)
	at org.testng.TestNG.run(TestNG.java:1057)
	at org.testng.TestNG.privateMain(TestNG.java:1364)
	at org.testng.TestNG.main(TestNG.java:1333)
]]>
            </full-stacktrace>
          </exception> <!-- java.lang.NullPointerException -->
          <reporter-output>
          </reporter-output>
        </test-method> <!-- login -->
        <test-method status="SKIP" signature="XpressHireSMSUsageReportNEW()[pri:0, instance:hireSideAutomation.HireUsageReport@77a8fb80]" name="XpressHireSMSUsageReportNEW" duration-ms="1" started-at="2015-07-15T15:31:41Z" finished-at="2015-07-15T15:31:41Z">
          <reporter-output>
          </reporter-output>
        </test-method> <!-- XpressHireSMSUsageReportNEW -->
        <test-method status="SKIP" signature="teardown()[pri:0, instance:hireSideAutomation.HireUsageReport@77a8fb80]" name="teardown" is-config="true" duration-ms="0" started-at="2015-07-15T15:31:41Z" finished-at="2015-07-15T15:31:41Z">
          <reporter-output>
          </reporter-output>
        </test-method> <!-- teardown -->
        <test-method status="SKIP" signature="login()[pri:0, instance:hireSideAutomation.HireUsageReport@77a8fb80]" name="login" is-config="true" duration-ms="0" started-at="2015-07-15T15:31:41Z" finished-at="2015-07-15T15:31:41Z">
          <reporter-output>
          </reporter-output>
        </test-method> <!-- login -->
        <test-method status="SKIP" signature="login()[pri:0, instance:hireSideAutomation.HireUsageReport@77a8fb80]" name="login" is-config="true" duration-ms="0" started-at="2015-07-15T15:31:41Z" finished-at="2015-07-15T15:31:41Z">
          <reporter-output>
          </reporter-output>
        </test-method> <!-- login -->
        <test-method status="SKIP" signature="teardown()[pri:0, instance:hireSideAutomation.HireUsageReport@77a8fb80]" name="teardown" is-config="true" duration-ms="0" started-at="2015-07-15T15:31:41Z" finished-at="2015-07-15T15:31:41Z">
          <reporter-output>
          </reporter-output>
        </test-method> <!-- teardown -->
        <test-method status="SKIP" signature="DatabaseUsageReport()[pri:0, instance:hireSideAutomation.HireUsageReport@77a8fb80]" name="DatabaseUsageReport" duration-ms="0" started-at="2015-07-15T15:31:41Z" finished-at="2015-07-15T15:31:41Z">
          <reporter-output>
          </reporter-output>
        </test-method> <!-- DatabaseUsageReport -->
        <test-method status="SKIP" signature="teardown()[pri:0, instance:hireSideAutomation.HireUsageReport@77a8fb80]" name="teardown" is-config="true" duration-ms="0" started-at="2015-07-15T15:31:41Z" finished-at="2015-07-15T15:31:41Z">
          <reporter-output>
          </reporter-output>
        </test-method> <!-- teardown -->
        <test-method status="SKIP" signature="login()[pri:0, instance:hireSideAutomation.HireUsageReport@77a8fb80]" name="login" is-config="true" duration-ms="0" started-at="2015-07-15T15:31:41Z" finished-at="2015-07-15T15:31:41Z">
          <reporter-output>
          </reporter-output>
        </test-method> <!-- login -->
        <test-method status="SKIP" signature="JobListingUsagesReport()[pri:0, instance:hireSideAutomation.HireUsageReport@77a8fb80]" name="JobListingUsagesReport" duration-ms="0" started-at="2015-07-15T15:31:41Z" finished-at="2015-07-15T15:31:41Z">
          <reporter-output>
          </reporter-output>
        </test-method> <!-- JobListingUsagesReport -->
        <test-method status="SKIP" signature="OTPReport()[pri:0, instance:hireSideAutomation.HireUsageReport@77a8fb80]" name="OTPReport" duration-ms="0" started-at="2015-07-15T15:31:41Z" finished-at="2015-07-15T15:31:41Z">
          <reporter-output>
          </reporter-output>
        </test-method> <!-- OTPReport -->
        <test-method status="SKIP" signature="XpressHirewithSMSContact()[pri:0, instance:hireSideAutomation.HireUsageReport@77a8fb80]" name="XpressHirewithSMSContact" duration-ms="0" started-at="2015-07-15T15:31:41Z" finished-at="2015-07-15T15:31:41Z">
          <reporter-output>
          </reporter-output>
        </test-method> <!-- XpressHirewithSMSContact -->
        <test-method status="SKIP" signature="teardown()[pri:0, instance:hireSideAutomation.HireUsageReport@77a8fb80]" name="teardown" is-config="true" duration-ms="0" started-at="2015-07-15T15:31:41Z" finished-at="2015-07-15T15:31:41Z">
          <reporter-output>
          </reporter-output>
        </test-method> <!-- teardown -->
        <test-method status="SKIP" signature="teardown()[pri:0, instance:hireSideAutomation.HireUsageReport@77a8fb80]" name="teardown" is-config="true" duration-ms="0" started-at="2015-07-15T15:31:41Z" finished-at="2015-07-15T15:31:41Z">
          <reporter-output>
          </reporter-output>
        </test-method> <!-- teardown -->
        <test-method status="SKIP" signature="teardown()[pri:0, instance:hireSideAutomation.HireUsageReport@77a8fb80]" name="teardown" is-config="true" duration-ms="0" started-at="2015-07-15T15:31:41Z" finished-at="2015-07-15T15:31:41Z">
          <reporter-output>
          </reporter-output>
        </test-method> <!-- teardown -->
        <test-method status="SKIP" signature="teardown()[pri:0, instance:hireSideAutomation.HireUsageReport@77a8fb80]" name="teardown" is-config="true" duration-ms="0" started-at="2015-07-15T15:31:41Z" finished-at="2015-07-15T15:31:41Z">
          <reporter-output>
          </reporter-output>
        </test-method> <!-- teardown -->
        <test-method status="SKIP" signature="XpressHireSMSUsageReport()[pri:0, instance:hireSideAutomation.HireUsageReport@77a8fb80]" name="XpressHireSMSUsageReport" duration-ms="0" started-at="2015-07-15T15:31:41Z" finished-at="2015-07-15T15:31:41Z">
          <reporter-output>
          </reporter-output>
        </test-method> <!-- XpressHireSMSUsageReport -->
        <test-method status="SKIP" signature="LoginReport()[pri:0, instance:hireSideAutomation.HireUsageReport@77a8fb80]" name="LoginReport" duration-ms="0" started-at="2015-07-15T15:31:41Z" finished-at="2015-07-15T15:31:41Z">
          <reporter-output>
          </reporter-output>
        </test-method> <!-- LoginReport -->
        <test-method status="SKIP" signature="login()[pri:0, instance:hireSideAutomation.HireUsageReport@77a8fb80]" name="login" is-config="true" duration-ms="0" started-at="2015-07-15T15:31:41Z" finished-at="2015-07-15T15:31:41Z">
          <reporter-output>
          </reporter-output>
        </test-method> <!-- login -->
        <test-method status="SKIP" signature="login()[pri:0, instance:hireSideAutomation.HireUsageReport@77a8fb80]" name="login" is-config="true" duration-ms="0" started-at="2015-07-15T15:31:41Z" finished-at="2015-07-15T15:31:41Z">
          <reporter-output>
          </reporter-output>
        </test-method> <!-- login -->
        <test-method status="SKIP" signature="login()[pri:0, instance:hireSideAutomation.HireUsageReport@77a8fb80]" name="login" is-config="true" duration-ms="0" started-at="2015-07-15T15:31:41Z" finished-at="2015-07-15T15:31:41Z">
          <reporter-output>
          </reporter-output>
        </test-method> <!-- login -->
        <test-method status="SKIP" signature="teardown()[pri:0, instance:hireSideAutomation.HireUsageReport@77a8fb80]" name="teardown" is-config="true" duration-ms="0" started-at="2015-07-15T15:31:41Z" finished-at="2015-07-15T15:31:41Z">
          <reporter-output>
          </reporter-output>
        </test-method> <!-- teardown -->
        <test-method status="SKIP" signature="DialBPOJobPostingUsageReport()[pri:0, instance:hireSideAutomation.HireUsageReport@77a8fb80]" name="DialBPOJobPostingUsageReport" duration-ms="0" started-at="2015-07-15T15:31:41Z" finished-at="2015-07-15T15:31:41Z">
          <reporter-output>
          </reporter-output>
        </test-method> <!-- DialBPOJobPostingUsageReport -->
        <test-method status="SKIP" signature="teardown()[pri:0, instance:hireSideAutomation.HireUsageReport@77a8fb80]" name="teardown" is-config="true" duration-ms="0" started-at="2015-07-15T15:31:41Z" finished-at="2015-07-15T15:31:41Z">
          <reporter-output>
          </reporter-output>
        </test-method> <!-- teardown -->
        <test-method status="SKIP" signature="login()[pri:0, instance:hireSideAutomation.HireUsageReport@77a8fb80]" name="login" is-config="true" duration-ms="0" started-at="2015-07-15T15:31:41Z" finished-at="2015-07-15T15:31:41Z">
          <reporter-output>
          </reporter-output>
        </test-method> <!-- login -->
        <test-method status="SKIP" signature="login()[pri:0, instance:hireSideAutomation.HireUsageReport@77a8fb80]" name="login" is-config="true" duration-ms="0" started-at="2015-07-15T15:31:41Z" finished-at="2015-07-15T15:31:41Z">
          <reporter-output>
          </reporter-output>
        </test-method> <!-- login -->
        <test-method status="SKIP" signature="login()[pri:0, instance:hireSideAutomation.HireUsageReport@77a8fb80]" name="login" is-config="true" duration-ms="0" started-at="2015-07-15T15:31:41Z" finished-at="2015-07-15T15:31:41Z">
          <reporter-output>
          </reporter-output>
        </test-method> <!-- login -->
        <test-method status="SKIP" signature="login()[pri:0, instance:hireSideAutomation.HireUsageReport@77a8fb80]" name="login" is-config="true" duration-ms="0" started-at="2015-07-15T15:31:41Z" finished-at="2015-07-15T15:31:41Z">
          <reporter-output>
          </reporter-output>
        </test-method> <!-- login -->
        <test-method status="SKIP" signature="teardown()[pri:0, instance:hireSideAutomation.HireUsageReport@77a8fb80]" name="teardown" is-config="true" duration-ms="0" started-at="2015-07-15T15:31:41Z" finished-at="2015-07-15T15:31:41Z">
          <reporter-output>
          </reporter-output>
        </test-method> <!-- teardown -->
        <test-method status="SKIP" signature="XpressHirewithSMSInbox()[pri:0, instance:hireSideAutomation.HireUsageReport@77a8fb80]" name="XpressHirewithSMSInbox" duration-ms="0" started-at="2015-07-15T15:31:41Z" finished-at="2015-07-15T15:31:41Z">
          <reporter-output>
          </reporter-output>
        </test-method> <!-- XpressHirewithSMSInbox -->
        <test-method status="SKIP" signature="DivineIPUsageReport()[pri:0, instance:hireSideAutomation.HireUsageReport@77a8fb80]" name="DivineIPUsageReport" duration-ms="0" started-at="2015-07-15T15:31:41Z" finished-at="2015-07-15T15:31:41Z">
          <reporter-output>
          </reporter-output>
        </test-method> <!-- DivineIPUsageReport -->
        <test-method status="SKIP" signature="MassMailingUsageReport()[pri:0, instance:hireSideAutomation.HireUsageReport@77a8fb80]" name="MassMailingUsageReport" duration-ms="0" started-at="2015-07-15T15:31:41Z" finished-at="2015-07-15T15:31:41Z">
          <reporter-output>
          </reporter-output>
        </test-method> <!-- MassMailingUsageReport -->
        <test-method status="SKIP" signature="teardown()[pri:0, instance:hireSideAutomation.HireUsageReport@77a8fb80]" name="teardown" is-config="true" duration-ms="0" started-at="2015-07-15T15:31:41Z" finished-at="2015-07-15T15:31:41Z">
          <reporter-output>
          </reporter-output>
        </test-method> <!-- teardown -->
      </class> <!-- hireSideAutomation.HireUsageReport -->
    </test> <!-- UsageReport -->
    <test name="Searchapplicationjob" duration-ms="6812" started-at="2015-07-15T10:01:41Z" finished-at="2015-07-15T10:01:47Z">
      <class name="hireSideAutomation.searchApplication">
        <test-method status="FAIL" signature="setup()[pri:0, instance:hireSideAutomation.searchApplication@213651ed]" name="setup" is-config="true" duration-ms="0" started-at="2015-07-15T15:31:41Z" finished-at="2015-07-15T15:31:41Z">
          <exception class="java.lang.NullPointerException">
            <full-stacktrace>
              <![CDATA[java.lang.NullPointerException
	at utilitypackage.Xls_Reader.getRowCount(Unknown Source)
	at hireSideAutomation.hireBaseFunctions.environment(Unknown Source)
	at hireSideAutomation.searchApplication.setup(Unknown Source)
	at sun.reflect.NativeMethodAccessorImpl.invoke0(Native Method)
	at sun.reflect.NativeMethodAccessorImpl.invoke(Unknown Source)
	at sun.reflect.DelegatingMethodAccessorImpl.invoke(Unknown Source)
	at java.lang.reflect.Method.invoke(Unknown Source)
	at org.testng.internal.MethodInvocationHelper.invokeMethod(MethodInvocationHelper.java:84)
	at org.testng.internal.Invoker.invokeConfigurationMethod(Invoker.java:564)
	at org.testng.internal.Invoker.invokeConfigurations(Invoker.java:213)
	at org.testng.internal.Invoker.invokeMethod(Invoker.java:653)
	at org.testng.internal.Invoker.invokeTestMethod(Invoker.java:901)
	at org.testng.internal.Invoker.invokeTestMethods(Invoker.java:1231)
	at org.testng.internal.TestMethodWorker.invokeTestMethods(TestMethodWorker.java:127)
	at org.testng.internal.TestMethodWorker.run(TestMethodWorker.java:111)
	at org.testng.TestRunner.privateRun(TestRunner.java:767)
	at org.testng.TestRunner.run(TestRunner.java:617)
	at org.testng.SuiteRunner.runTest(SuiteRunner.java:334)
	at org.testng.SuiteRunner.runSequentially(SuiteRunner.java:329)
	at org.testng.SuiteRunner.privateRun(SuiteRunner.java:291)
	at org.testng.SuiteRunner.run(SuiteRunner.java:240)
	at org.testng.SuiteRunnerWorker.runSuite(SuiteRunnerWorker.java:52)
	at org.testng.SuiteRunnerWorker.run(SuiteRunnerWorker.java:86)
	at org.testng.TestNG.runSuitesSequentially(TestNG.java:1224)
	at org.testng.TestNG.runSuitesSequentially(TestNG.java:1220)
	at org.testng.TestNG.runSuitesLocally(TestNG.java:1149)
	at org.testng.TestNG.run(TestNG.java:1057)
	at org.testng.TestNG.privateMain(TestNG.java:1364)
	at org.testng.TestNG.main(TestNG.java:1333)
]]>
            </full-stacktrace>
          </exception> <!-- java.lang.NullPointerException -->
          <reporter-output>
          </reporter-output>
        </test-method> <!-- setup -->
        <test-method status="SKIP" signature="teardown()[pri:0, instance:hireSideAutomation.searchApplication@213651ed]" name="teardown" is-config="true" duration-ms="0" started-at="2015-07-15T15:31:47Z" finished-at="2015-07-15T15:31:47Z">
          <reporter-output>
          </reporter-output>
        </test-method> <!-- teardown -->
        <test-method status="SKIP" signature="searchApplicationwithActivejob()[pri:0, instance:hireSideAutomation.searchApplication@213651ed]" name="searchApplicationwithActivejob" duration-ms="0" started-at="2015-07-15T15:31:47Z" finished-at="2015-07-15T15:31:47Z">
          <reporter-output>
          </reporter-output>
        </test-method> <!-- searchApplicationwithActivejob -->
        <test-method status="SKIP" signature="setup()[pri:0, instance:hireSideAutomation.searchApplication@213651ed]" name="setup" is-config="true" duration-ms="0" started-at="2015-07-15T15:31:47Z" finished-at="2015-07-15T15:31:47Z">
          <reporter-output>
          </reporter-output>
        </test-method> <!-- setup -->
        <test-method status="SKIP" signature="searchApplicationwithkeyskill()[pri:0, instance:hireSideAutomation.searchApplication@213651ed]" name="searchApplicationwithkeyskill" duration-ms="0" started-at="2015-07-15T15:31:47Z" finished-at="2015-07-15T15:31:47Z">
          <reporter-output>
          </reporter-output>
        </test-method> <!-- searchApplicationwithkeyskill -->
        <test-method status="SKIP" signature="teardown()[pri:0, instance:hireSideAutomation.searchApplication@213651ed]" name="teardown" is-config="true" duration-ms="0" started-at="2015-07-15T15:31:47Z" finished-at="2015-07-15T15:31:47Z">
          <reporter-output>
          </reporter-output>
        </test-method> <!-- teardown -->
      </class> <!-- hireSideAutomation.searchApplication -->
    </test> <!-- Searchapplicationjob -->
    <test name="SRP" duration-ms="6739" started-at="2015-07-15T10:01:47Z" finished-at="2015-07-15T10:01:54Z">
      <class name="hireSideAutomation.SearchResultPage">
        <test-method status="FAIL" signature="setup()[pri:0, instance:hireSideAutomation.SearchResultPage@6d000502]" name="setup" is-config="true" duration-ms="0" started-at="2015-07-15T15:31:47Z" finished-at="2015-07-15T15:31:47Z">
          <exception class="java.lang.NullPointerException">
            <full-stacktrace>
              <![CDATA[java.lang.NullPointerException
	at utilitypackage.Xls_Reader.getRowCount(Unknown Source)
	at hireSideAutomation.hireBaseFunctions.environment(Unknown Source)
	at hireSideAutomation.SearchResultPage.setup(Unknown Source)
	at sun.reflect.NativeMethodAccessorImpl.invoke0(Native Method)
	at sun.reflect.NativeMethodAccessorImpl.invoke(Unknown Source)
	at sun.reflect.DelegatingMethodAccessorImpl.invoke(Unknown Source)
	at java.lang.reflect.Method.invoke(Unknown Source)
	at org.testng.internal.MethodInvocationHelper.invokeMethod(MethodInvocationHelper.java:84)
	at org.testng.internal.Invoker.invokeConfigurationMethod(Invoker.java:564)
	at org.testng.internal.Invoker.invokeConfigurations(Invoker.java:213)
	at org.testng.internal.Invoker.invokeConfigurations(Invoker.java:138)
	at org.testng.internal.TestMethodWorker.invokeBeforeClassMethods(TestMethodWorker.java:175)
	at org.testng.internal.TestMethodWorker.run(TestMethodWorker.java:107)
	at org.testng.TestRunner.privateRun(TestRunner.java:767)
	at org.testng.TestRunner.run(TestRunner.java:617)
	at org.testng.SuiteRunner.runTest(SuiteRunner.java:334)
	at org.testng.SuiteRunner.runSequentially(SuiteRunner.java:329)
	at org.testng.SuiteRunner.privateRun(SuiteRunner.java:291)
	at org.testng.SuiteRunner.run(SuiteRunner.java:240)
	at org.testng.SuiteRunnerWorker.runSuite(SuiteRunnerWorker.java:52)
	at org.testng.SuiteRunnerWorker.run(SuiteRunnerWorker.java:86)
	at org.testng.TestNG.runSuitesSequentially(TestNG.java:1224)
	at org.testng.TestNG.runSuitesSequentially(TestNG.java:1220)
	at org.testng.TestNG.runSuitesLocally(TestNG.java:1149)
	at org.testng.TestNG.run(TestNG.java:1057)
	at org.testng.TestNG.privateMain(TestNG.java:1364)
	at org.testng.TestNG.main(TestNG.java:1333)
]]>
            </full-stacktrace>
          </exception> <!-- java.lang.NullPointerException -->
          <reporter-output>
          </reporter-output>
        </test-method> <!-- setup -->
        <test-method status="SKIP" signature="ContactBySms()[pri:0, instance:hireSideAutomation.SearchResultPage@6d000502]" name="ContactBySms" duration-ms="0" started-at="2015-07-15T15:31:54Z" finished-at="2015-07-15T15:31:54Z">
          <reporter-output>
          </reporter-output>
        </test-method> <!-- ContactBySms -->
        <test-method status="SKIP" signature="Shortlist()[pri:0, instance:hireSideAutomation.SearchResultPage@6d000502]" name="Shortlist" duration-ms="0" started-at="2015-07-15T15:31:54Z" finished-at="2015-07-15T15:31:54Z">
          <reporter-output>
          </reporter-output>
        </test-method> <!-- Shortlist -->
        <test-method status="SKIP" signature="SendEmail()[pri:0, instance:hireSideAutomation.SearchResultPage@6d000502]" name="SendEmail" duration-ms="0" started-at="2015-07-15T15:31:54Z" finished-at="2015-07-15T15:31:54Z">
          <reporter-output>
          </reporter-output>
        </test-method> <!-- SendEmail -->
        <test-method status="SKIP" signature="DeleteJob()[pri:0, instance:hireSideAutomation.SearchResultPage@6d000502]" name="DeleteJob" duration-ms="0" started-at="2015-07-15T15:31:54Z" finished-at="2015-07-15T15:31:54Z">
          <reporter-output>
          </reporter-output>
        </test-method> <!-- DeleteJob -->
        <test-method status="SKIP" signature="viewResume()[pri:0, instance:hireSideAutomation.SearchResultPage@6d000502]" name="viewResume" duration-ms="0" started-at="2015-07-15T15:31:54Z" finished-at="2015-07-15T15:31:54Z">
          <reporter-output>
          </reporter-output>
        </test-method> <!-- viewResume -->
        <test-method status="SKIP" signature="AddComment()[pri:0, instance:hireSideAutomation.SearchResultPage@6d000502]" name="AddComment" duration-ms="0" started-at="2015-07-15T15:31:54Z" finished-at="2015-07-15T15:31:54Z">
          <reporter-output>
          </reporter-output>
        </test-method> <!-- AddComment -->
        <test-method status="SKIP" signature="SavewithOFF()[pri:0, instance:hireSideAutomation.SearchResultPage@6d000502]" name="SavewithOFF" duration-ms="0" started-at="2015-07-15T15:31:54Z" finished-at="2015-07-15T15:31:54Z">
          <reporter-output>
          </reporter-output>
        </test-method> <!-- SavewithOFF -->
        <test-method status="SKIP" signature="SavewithON()[pri:0, instance:hireSideAutomation.SearchResultPage@6d000502]" name="SavewithON" duration-ms="0" started-at="2015-07-15T15:31:54Z" finished-at="2015-07-15T15:31:54Z">
          <reporter-output>
          </reporter-output>
        </test-method> <!-- SavewithON -->
        <test-method status="SKIP" signature="ForwardResume()[pri:0, instance:hireSideAutomation.SearchResultPage@6d000502]" name="ForwardResume" duration-ms="0" started-at="2015-07-15T15:31:54Z" finished-at="2015-07-15T15:31:54Z">
          <reporter-output>
          </reporter-output>
        </test-method> <!-- ForwardResume -->
        <test-method status="SKIP" signature="teardown()[pri:0, instance:hireSideAutomation.SearchResultPage@6d000502]" name="teardown" is-config="true" duration-ms="0" started-at="2015-07-15T15:31:54Z" finished-at="2015-07-15T15:31:54Z">
          <reporter-output>
          </reporter-output>
        </test-method> <!-- teardown -->
        <test-method status="SKIP" signature="SendJobasEmail()[pri:0, instance:hireSideAutomation.SearchResultPage@6d000502]" name="SendJobasEmail" duration-ms="0" started-at="2015-07-15T15:31:54Z" finished-at="2015-07-15T15:31:54Z">
          <reporter-output>
          </reporter-output>
        </test-method> <!-- SendJobasEmail -->
      </class> <!-- hireSideAutomation.SearchResultPage -->
    </test> <!-- SRP -->
  </suite> <!-- HIRE SIDE TEST CASES -->
</testng-results>
